<?xml version="1.0" encoding="UTF-8"?>
<testsuite xmlns:xsi="http://www.w3.org/2001/XMLSchema-instance" xsi:noNamespaceSchemaLocation="https://maven.apache.org/surefire/maven-surefire-plugin/xsd/surefire-test-report-3.0.xsd" version="3.0" name="it.isa.progetto.AppTest" time="0.238" tests="4" errors="0" skipped="0" failures="0">
  <properties>
[...]
</properties>
  <testcase name="testPDip1" classname="it.isa.progetto.AppTest" time="0.228"/>
  <testcase name="testPDip3" classname="it.isa.progetto.AppTest" time="0.038">
    <error type="java.lang.NullPointerException"><![CDATA[java.lang.NullPointerException
	at it.isa.progetto.App.pDip3(App.java:370)
	at it.isa.progetto.AppTest.testPDip3(AppTest.java:224)
	at java.base/jdk.internal.reflect.NativeMethodAccessorImpl.invoke0(Native Method)
	at java.base/jdk.internal.reflect.NativeMethodAccessorImpl.invoke(NativeMethodAccessorImpl.java:62)
	at java.base/jdk.internal.reflect.DelegatingMethodAccessorImpl.invoke(DelegatingMethodAccessorImpl.java:43)
	at java.base/java.lang.reflect.Method.invoke(Method.java:566)
	at org.junit.platform.commons.util.ReflectionUtils.invokeMethod(ReflectionUtils.java:725)
	at org.junit.jupiter.engine.execution.MethodInvocation.proceed(MethodInvocation.java:60)
	at org.junit.jupiter.engine.execution.InvocationInterceptorChain$ValidatingInvocation.proceed(InvocationInterceptorChain.java:131)
	at org.junit.jupiter.engine.extension.TimeoutExtension.intercept(TimeoutExtension.java:149)
	at org.junit.jupiter.engine.extension.TimeoutExtension.interceptTestableMethod(TimeoutExtension.java:140)
	at org.junit.jupiter.engine.extension.TimeoutExtension.interceptTestMethod(TimeoutExtension.java:84)
	at org.junit.jupiter.engine.execution.ExecutableInvoker$ReflectiveInterceptorCall.lambda$ofVoidMethod$0(ExecutableInvoker.java:115)
	at org.junit.jupiter.engine.execution.ExecutableInvoker.lambda$invoke$0(ExecutableInvoker.java:105)
	at org.junit.jupiter.engine.execution.InvocationInterceptorChain$InterceptedInvocation.proceed(InvocationInterceptorChain.java:106)
	at org.junit.jupiter.engine.execution.InvocationInterceptorChain.proceed(InvocationInterceptorChain.java:64)
	at org.junit.jupiter.engine.execution.InvocationInterceptorChain.chainAndInvoke(InvocationInterceptorChain.java:45)
	at org.junit.jupiter.engine.execution.InvocationInterceptorChain.invoke(InvocationInterceptorChain.java:37)
	at org.junit.jupiter.engine.execution.ExecutableInvoker.invoke(ExecutableInvoker.java:104)
	at org.junit.jupiter.engine.execution.ExecutableInvoker.invoke(ExecutableInvoker.java:98)
	at org.junit.jupiter.engine.descriptor.TestMethodTestDescriptor.lambda$invokeTestMethod$7(TestMethodTestDescriptor.java:214)
	at org.junit.platform.engine.support.hierarchical.ThrowableCollector.execute(ThrowableCollector.java:73)
	at org.junit.jupiter.engine.descriptor.TestMethodTestDescriptor.invokeTestMethod(TestMethodTestDescriptor.java:210)
	at org.junit.jupiter.engine.descriptor.TestMethodTestDescriptor.execute(TestMethodTestDescriptor.java:135)
	at org.junit.jupiter.engine.descriptor.TestMethodTestDescriptor.execute(TestMethodTestDescriptor.java:66)
	at org.junit.platform.engine.support.hierarchical.NodeTestTask.lambda$executeRecursively$6(NodeTestTask.java:151)
	at org.junit.platform.engine.support.hierarchical.ThrowableCollector.execute(ThrowableCollector.java:73)
	at org.junit.platform.engine.support.hierarchical.NodeTestTask.lambda$executeRecursively$8(NodeTestTask.java:141)
	at org.junit.platform.engine.support.hierarchical.Node.around(Node.java:137)
	at org.junit.platform.engine.support.hierarchical.NodeTestTask.lambda$executeRecursively$9(NodeTestTask.java:139)
	at org.junit.platform.engine.support.hierarchical.ThrowableCollector.execute(ThrowableCollector.java:73)
	at org.junit.platform.engine.support.hierarchical.NodeTestTask.executeRecursively(NodeTestTask.java:138)
	at org.junit.platform.engine.support.hierarchical.NodeTestTask.execute(NodeTestTask.java:95)
	at java.base/java.util.ArrayList.forEach(ArrayList.java:1541)
	at org.junit.platform.engine.support.hierarchical.SameThreadHierarchicalTestExecutorService.invokeAll(SameThreadHierarchicalTestExecutorService.java:41)
	at org.junit.platform.engine.support.hierarchical.NodeTestTask.lambda$executeRecursively$6(NodeTestTask.java:155)
	at org.junit.platform.engine.support.hierarchical.ThrowableCollector.execute(ThrowableCollector.java:73)
	at org.junit.platform.engine.support.hierarchical.NodeTestTask.lambda$executeRecursively$8(NodeTestTask.java:141)
	at org.junit.platform.engine.support.hierarchical.Node.around(Node.java:137)
	at org.junit.platform.engine.support.hierarchical.NodeTestTask.lambda$executeRecursively$9(NodeTestTask.java:139)
	at org.junit.platform.engine.support.hierarchical.ThrowableCollector.execute(ThrowableCollector.java:73)
	at org.junit.platform.engine.support.hierarchical.NodeTestTask.executeRecursively(NodeTestTask.java:138)
	at org.junit.platform.engine.support.hierarchical.NodeTestTask.execute(NodeTestTask.java:95)
	at java.base/java.util.ArrayList.forEach(ArrayList.java:1541)
	at org.junit.platform.engine.support.hierarchical.SameThreadHierarchicalTestExecutorService.invokeAll(SameThreadHierarchicalTestExecutorService.java:41)
	at org.junit.platform.engine.support.hierarchical.NodeTestTask.lambda$executeRecursively$6(NodeTestTask.java:155)
	at org.junit.platform.engine.support.hierarchical.ThrowableCollector.execute(ThrowableCollector.java:73)
	at org.junit.platform.engine.support.hierarchical.NodeTestTask.lambda$executeRecursively$8(NodeTestTask.java:141)
	at org.junit.platform.engine.support.hierarchical.Node.around(Node.java:137)
	at org.junit.platform.engine.support.hierarchical.NodeTestTask.lambda$executeRecursively$9(NodeTestTask.java:139)
	at org.junit.platform.engine.support.hierarchical.ThrowableCollector.execute(ThrowableCollector.java:73)
	at org.junit.platform.engine.support.hierarchical.NodeTestTask.executeRecursively(NodeTestTask.java:138)
	at org.junit.platform.engine.support.hierarchical.NodeTestTask.execute(NodeTestTask.java:95)
	at org.junit.platform.engine.support.hierarchical.SameThreadHierarchicalTestExecutorService.submit(SameThreadHierarchicalTestExecutorService.java:35)
	at org.junit.platform.engine.support.hierarchical.HierarchicalTestExecutor.execute(HierarchicalTestExecutor.java:57)
	at org.junit.platform.engine.support.hierarchical.HierarchicalTestEngine.execute(HierarchicalTestEngine.java:54)
	at org.junit.platform.launcher.core.EngineExecutionOrchestrator.execute(EngineExecutionOrchestrator.java:107)
	at org.junit.platform.launcher.core.EngineExecutionOrchestrator.execute(EngineExecutionOrchestrator.java:88)
	at org.junit.platform.launcher.core.EngineExecutionOrchestrator.lambda$execute$0(EngineExecutionOrchestrator.java:54)
	at org.junit.platform.launcher.core.EngineExecutionOrchestrator.withInterceptedStreams(EngineExecutionOrchestrator.java:67)
	at org.junit.platform.launcher.core.EngineExecutionOrchestrator.execute(EngineExecutionOrchestrator.java:52)
	at org.junit.platform.launcher.core.DefaultLauncher.execute(DefaultLauncher.java:114)
	at org.junit.platform.launcher.core.DefaultLauncher.execute(DefaultLauncher.java:86)
	at org.junit.platform.launcher.core.DefaultLauncherSession$DelegatingLauncher.execute(DefaultLauncherSession.java:86)
	at org.apache.maven.surefire.junitplatform.LazyLauncher.execute(LazyLauncher.java:55)
	at org.apache.maven.surefire.junitplatform.JUnitPlatformProvider.execute(JUnitPlatformProvider.java:223)
	at org.apache.maven.surefire.junitplatform.JUnitPlatformProvider.invokeAllTests(JUnitPlatformProvider.java:175)
	at org.apache.maven.surefire.junitplatform.JUnitPlatformProvider.invoke(JUnitPlatformProvider.java:139)
	at org.apache.maven.surefire.booter.ForkedBooter.runSuitesInProcess(ForkedBooter.java:456)
	at org.apache.maven.surefire.booter.ForkedBooter.execute(ForkedBooter.java:169)
	at org.apache.maven.surefire.booter.ForkedBooter.run(ForkedBooter.java:595)
	at org.apache.maven.surefire.booter.ForkedBooter.main(ForkedBooter.java:581)
]]></error>
  </testcase>
  <testcase name="testPImp2" classname="it.isa.progetto.AppTest" time="0.035"/>
  <testcase name="testPPro1" classname="it.isa.progetto.AppTest" time="0.036"/>
  <testcase name="testPPro2" classname="it.isa.progetto.AppTest" time="0.051"/>
  <testcase name="testPPro3" classname="it.isa.progetto.AppTest" time="0.042"/>
  <testcase name="det_calcolaStipendio" classname="it.isa.progetto.AppTest" time="0.035"/>
  <testcase name="det_budgetAnnuale" classname="it.isa.progetto.AppTest" time="0.033"/>
  <testcase name="det_calcolaTasse" classname="it.isa.progetto.AppTest" time="0.024"/>
  <testcase name="det_calcolaCostoPersonale" classname="it.isa.progetto.AppTest" time="0.021"/>
  <testcase name="prop_calcolaTasse(int, int, int, int)" classname="it.isa.progetto.AppTest" time="0.109">
    <system-out><![CDATA[negative valuenegative valuenegative valuenegative valuenegative valuenegative valuenegative valuenegative valuenegative valuenegative valuenegative valuenegative valueoverflow/underflownegative valuenegative valuenegative valuenegative valuenegative valuenegative valuenegative valuenegative valuenegative valuenegative valueoverflow/underflownegative valuenegative valuenegative valuenegative valuenegative valuenegative valuenegative valuenegative valuenegative valuenegative valuenegative valuenegative valuenegative valuenegative valueoverflow/underflownegative valuenegative valuenegative valuenegative valuenegative valuenegative valuenegative valuenegative valuenegative valuenegative valuenegative valuenegative valuenegative valuenegative valuenegative valuenegative valuenegative valuenegative valuenegative valuenegative valuenegative valueoverflow/underflownegative valueoverflow/underflownegative valuenegative valuenegative valuenegative valuenegative valuenegative valuenegative valuenegative valuenegative valuenegative valuenegative valuenegative valuenegative valuenegative valuenegative valuenegative valuenegative valuenegative valueoverflow/underflownegative valuenegative valuenegative valueoverflow/underflownegative valuenegative valuenegative valuenegative valuenegative valuenegative valuenegative valuenegative valuenegative valuenegative valuenegative valuenegative valuenegative valuenegative value]]></system-out>
  </testcase>
  <testcase name="prop_budgetAnnuale(int, int, int, int)" classname="it.isa.progetto.AppTest" time="0.038">
    <system-out><![CDATA[negative valuenegative valuenegative valuenegative valuenegative valuenegative valuenegative valuenegative valuenegative valuenegative valuenegative valuenegative valuenegative valuenegative valuenegative valuenegative valueoverflow/underflownegative valuenegative valuenegative valuenegative valuenegative valuenegative valuenegative valuenegative valuenegative valuenegative valuenegative valuenegative valuenegative valuenegative valuenegative valuenegative valuenegative valuenegative valuenegative valuenegative valuenegative valuenegative valuenegative valuenegative valuenegative valuenegative valuenegative valuenegative valuenegative valuenegative valuenegative valuenegative valuenegative valuenegative valuenegative valueoverflow/underflownegative valuenegative valuenegative valuenegative valuenegative valuenegative valuenegative valuenegative valuenegative valuenegative valuenegative valuenegative valuenegative valuenegative valuenegative valueoverflow/underflownegative valuenegative valuenegative valuenegative valuenegative valuenegative valuenegative valuenegative valuenegative valueoverflow/underflownegative valuenegative valuenegative valuenegative valuenegative valuenegative valuenegative valuenegative valuenegative valuenegative valuenegative valuenegative valuenegative valuenegative valuenegative valuenegative valuenegative valuenegative valuenegative valuenegative valuenegative value]]></system-out>
  </testcase>
  <testcase name="prop_calcolaStipendio(LocalDate)" classname="it.isa.progetto.AppTest" time="0.049">
    <system-out><![CDATA[unexpected value   d:-163681686-06-24 m:1964204505unexpected valueunexpected valueunexpected value   d:-794196745-04-26 m:9530385215unexpected valueunexpected valueunexpected value   d:-651869914-06-29 m:7822463241unexpected valueunexpected valueunexpected value   d:+780703218-12-11 m:-9368414347unexpected valueunexpected valueunexpected value   d:+944991376-05-28 m:-11339872237unexpected valueunexpected valueunexpected value   d:+702243771-04-06 m:-8426900975unexpected valueunexpected valueunexpected value   d:-943998598-04-21 m:11328007451unexpected valueunexpected valueunexpected value   d:+73531252-11-15 m:-882350754unexpected valueunexpected valueunexpected value   d:-440569523-08-22 m:5286858547unexpected valueunexpected valueunexpected value   d:+178336582-12-27 m:-2140014716unexpected valueunexpected valueunexpected value   d:+133989875-09-10 m:-1607854228unexpected valueunexpected valueunexpected value   d:+922685177-05-07 m:-11072197848unexpected valueunexpected valueunexpected value   d:+383294433-02-13 m:-4599508917unexpected valueunexpected valueunexpected value   d:-668165251-02-12 m:8018007290unexpected valueunexpected valueunexpected value   d:+990577954-12-11 m:-11886911179unexpected valueunexpected valueunexpected value   d:-286904132-01-23 m:3442873862unexpected valueunexpected valueunexpected value   d:-104537050-02-04 m:1254468878unexpected valueunexpected valueunexpected value   d:-625671623-10-01 m:7508083746unexpected valueunexpected valueunexpected value   d:+804029782-09-07 m:-9648333112unexpected valueunexpected valueunexpected value   d:+882627452-08-26 m:-10591505152unexpected valueunexpected valueunexpected value   d:+902011174-09-15 m:-10824109816unexpected valueunexpected valueunexpected value   d:-321271821-11-08 m:3855286121unexpected valueunexpected valueunexpected value   d:-431495682-09-10 m:5177972455unexpected valueunexpected valueunexpected value   d:+543539521-03-15 m:-6522449974unexpected valueunexpected valueunexpected value   d:-863646701-08-10 m:10363784684unexpected valueunexpected valueunexpected value   d:-386855300-07-01 m:4642287873unexpected valueunexpected valueunexpected value   d:+123367808-09-16 m:-1480389424unexpected valueunexpected valueunexpected value   d:-947784814-05-01 m:11373442043unexpected valueunexpected valueunexpected value   d:+786360929-04-17 m:-9436306871unexpected valueunexpected valueunexpected value   d:-175154082-12-03 m:2101873252unexpected valueunexpected valueunexpected value   d:+515608993-12-03 m:-6187283647unexpected valueunexpected valueunexpected value   d:-816041131-12-12 m:9792517840unexpected valueunexpected valueunexpected value   d:+776142591-06-20 m:-9313686818unexpected valueunexpected valueunexpected value   d:-721393464-12-12 m:8656745836unexpected valueunexpected valueunexpected value   d:-811143856-09-10 m:9733750543unexpected valueunexpected valueunexpected value   d:-831604430-07-13 m:9979277433unexpected valueunexpected valueunexpected value   d:-186442216-04-13 m:2237330868unexpected valueunexpected valueunexpected value   d:+881214806-12-21 m:-10574553404unexpected valueunexpected valueunexpected value   d:+645256295-09-23 m:-7743051269unexpected valueunexpected valueunexpected value   d:+730646622-11-01 m:-8767735194unexpected valueunexpected valueunexpected value   d:-233374312-09-05 m:2800516015unexpected valueunexpected valueunexpected value   d:-372735165-06-27 m:4472846253unexpected valueunexpected valueunexpected value   d:+859043738-09-23 m:-10308500585unexpected valueunexpected valueunexpected value   d:-932674421-01-02 m:11192117331unexpected valueunexpected valueunexpected value   d:-473522775-06-11 m:5682297574unexpected valueunexpected valueunexpected value   d:+221285442-05-26 m:-2655401029unexpected valueunexpected valueunexpected value   d:+316752338-12-08 m:-3801003787unexpected valueunexpected valueunexpected value   d:+884922889-09-17 m:-10619050396unexpected valueunexpected valueunexpected value   d:+409973174-06-12 m:-4919653813unexpected valueunexpected valueunexpected value   d:-695447756-04-16 m:8345397348unexpected valueunexpected valueunexpected value   d:+193268768-12-28 m:-2319200948unexpected valueunexpected valueunexpected value   d:+863158244-03-05 m:-10357874650unexpected valueunexpected valueunexpected value   d:+198941854-04-28 m:-2387277972unexpected valueunexpected valueunexpected value   d:-415332897-09-01 m:4984019035unexpected valueunexpected valueunexpected value   d:+44143366-04-19 m:-529696115unexpected valueunexpected valueunexpected value   d:-328204891-08-23 m:3938482963unexpected valueunexpected valueunexpected value   d:+827275002-01-13 m:-9927275744unexpected valueunexpected valueunexpected value   d:+387600420-12-20 m:-4651180772unexpected valueunexpected valueunexpected value   d:+36010059-07-29 m:-432096435unexpected valueunexpected valueunexpected value   d:+568655958-09-25 m:-6823847225unexpected valueunexpected valueunexpected value   d:-418000119-05-26 m:5016025702unexpected valueunexpected valueunexpected value   d:-442633816-03-10 m:5311630069unexpected valueunexpected valueunexpected value   d:+762467531-07-13 m:-9149586098unexpected valueunexpected valueunexpected value   d:-507692711-07-26 m:6092336804unexpected valueunexpected valueunexpected value   d:+839577518-03-03 m:-10074905938unexpected valueunexpected valueunexpected value   d:-162455894-01-25 m:1949495006unexpected valueunexpected valueunexpected value   d:+182726742-06-27 m:-2192696630unexpected valueunexpected valueunexpected value   d:+487281777-10-03 m:-5847357053unexpected valueunexpected valueunexpected value   d:+975025568-06-13 m:-11700282541unexpected valueunexpected valueunexpected value   d:+182229927-01-26 m:-2186734845unexpected valueunexpected valueunexpected value   d:+150034549-03-02 m:-1800390310unexpected valueunexpected valueunexpected value   d:-676571250-12-07 m:8118879268unexpected valueunexpected valueunexpected value   d:-684225053-07-24 m:8210724908unexpected valueunexpected valueunexpected value   d:-562480309-08-12 m:6749787980unexpected valueunexpected valueunexpected value   d:+48831761-01-21 m:-585956853unexpected valueunexpected valueunexpected value   d:-746032712-12-10 m:8952416812unexpected valueunexpected valueunexpected value   d:-253703299-01-04 m:3044463867unexpected valueunexpected valueunexpected value   d:+844169165-11-23 m:-10130005711unexpected valueunexpected valueunexpected value   d:+538318744-02-15 m:-6459800649unexpected valueunexpected valueunexpected value   d:+705035628-08-01 m:-8460403263unexpected valueunexpected valueunexpected value   d:+356268429-04-10 m:-4275196871unexpected valueunexpected valueunexpected value   d:+683505113-12-24 m:-8202037088unexpected valueunexpected valueunexpected value   d:+606805138-11-24 m:-7281637387unexpected valueunexpected valueunexpected value   d:-588555934-08-02 m:7062695480unexpected valueunexpected valueunexpected value   d:-665951551-02-15 m:7991442890unexpected valueunexpected valueunexpected value   d:-872625887-02-04 m:10471534922unexpected valueunexpected valueunexpected value   d:-551946565-05-05 m:6623383055unexpected valueunexpected valueunexpected value   d:-328118589-01-28 m:3937447346unexpected valueunexpected valueunexpected value   d:-943640543-10-18 m:11323710786unexpected valueunexpected valueunexpected value   d:+63340115-08-22 m:-760057108unexpected valueunexpected valueunexpected value   d:+819726315-11-20 m:-9836691511unexpected valueunexpected valueunexpected value   d:+416450358-08-13 m:-4997380023unexpected valueunexpected valueunexpected value   d:-728154000-07-31 m:8737872272unexpected valueunexpected valueunexpected value   d:-986468187-07-05 m:11837642517unexpected valueunexpected valueunexpected value   d:+792019765-06-30 m:-9504212906unexpected valueunexpected valueunexpected value   d:+649817782-08-14 m:-7797789111unexpected valueunexpected valueunexpected value   d:+334040778-05-21 m:-4008465061unexpected valueunexpected valueunexpected value   d:+314630424-11-01 m:-3775540818unexpected valueunexpected valueunexpected value   d:-330734373-01-14 m:3968836755unexpected valueunexpected valueunexpected value   d:-388354296-09-17 m:4660275823unexpected valueunexpected value]]></system-out>
  </testcase>
  <testcase name="prop_calcolaCostoPersonale(int, int, int)" classname="it.isa.progetto.AppTest" time="0.031">
    <system-out><![CDATA[negative valueoverflow/underflownegative valuenegative valuenegative valuenegative valueoverflow/underflownegative valuenegative valuenegative valuenegative valuenegative valuenegative valueoverflow/underflownegative valuenegative valuenegative valuenegative valueoverflow/underflownegative valueoverflow/underflownegative valuenegative valuenegative valuenegative valuenegative valuenegative valuenegative valuenegative valuenegative valuenegative valuenegative valuenegative valuenegative valuenegative valuenegative valuenegative valuenegative valuenegative valuenegative valueoverflow/underflownegative valuenegative valuenegative valuenegative valuenegative valuenegative valuenegative valuenegative valuenegative valuenegative valuenegative valuenegative valuenegative valuenegative valuenegative valueoverflow/underflownegative valuenegative valueoverflow/underflownegative valuenegative valuenegative valuenegative valuenegative valuenegative valuenegative valuenegative valueoverflow/underflownegative valuenegative valuenegative valuenegative valuenegative valuenegative valuenegative valuenegative valuenegative valuenegative valuenegative valuenegative valueoverflow/underflownegative valuenegative valuenegative valuenegative valuenegative valuenegative valuenegative valuenegative valuenegative valuenegative valueoverflow/underflownegative valueoverflow/underflownegative valuenegative valuenegative valueoverflow/underflowoverflow/underflow]]></system-out>
  </testcase>
</testsuite>